<?xml version="1.0" encoding="UTF-8"?>
<testng-results ignored="0" total="1" passed="1" failed="0" skipped="0">
  <reporter-output>
  </reporter-output>
  <suite started-at="2022-09-28T12:47:55 IST" name="Default suite" finished-at="2022-09-28T12:48:03 IST" duration-ms="8301">
    <groups>
    </groups>
    <test started-at="2022-09-28T12:47:55 IST" name="Default test" finished-at="2022-09-28T12:48:03 IST" duration-ms="8301">
      <class name="GradleTwo.LibraryTest">
        <test-method signature="testSomeLibraryMethod()[pri:0, instance:GradleTwo.LibraryTest@35aea049]" started-at="2022-09-28T12:47:55 IST" name="testSomeLibraryMethod" finished-at="2022-09-28T12:48:03 IST" duration-ms="8267" status="PASS">
          <reporter-output>
          </reporter-output>
        </test-method> <!-- testSomeLibraryMethod -->
      </class> <!-- GradleTwo.LibraryTest -->
    </test> <!-- Default test -->
  </suite> <!-- Default suite -->
</testng-results>
